<?xml version="1.0" encoding="UTF-8"?>
<!-- Generated by org.testng.reporters.JUnitReportReporter -->
<testsuite hostname="L-INE-B0Z4T93" failures="0" tests="1" name="login.loginpage" time="4.831" errors="0" timestamp="2025-05-26T15:33:40 IST" skipped="0">
  <testcase classname="login.loginpage" name="details" time="4.831"/>
  <system-out/>
</testsuite> <!-- login.loginpage -->
